<?xml version="1.0" encoding="UTF-8"?>
<testsuite xmlns:xsi="http://www.w3.org/2001/XMLSchema-instance" xsi:noNamespaceSchemaLocation="https://maven.apache.org/surefire/maven-surefire-plugin/xsd/surefire-test-report-3.0.xsd" version="3.0" name="com.viewnext.facturabatch.ExtractFacturasJobIntegrationTest" time="0.263" tests="6" errors="0" skipped="0" failures="0">
  <properties>
[...]
</properties>
  <testcase name="givenHistoricalDate_whenJobRuns_thenExtractsHistoricalFacturas" classname="com.viewnext.facturabatch.ExtractFacturasJobIntegrationTest" time="0.055">
    <system-out><![CDATA[2026-07-13T11:12:33.671+02:00  INFO 28332 --- [           main] t.c.s.AnnotationConfigContextLoaderUtils : Could not detect default configuration classes for test class [com.viewnext.facturabatch.ExtractFacturasJobIntegrationTest]: ExtractFacturasJobIntegrationTest does not declare any static, non-private, non-final, nested classes annotated with @Configuration.
2026-07-13T11:12:33.673+02:00  INFO 28332 --- [           main] .b.t.c.SpringBootTestContextBootstrapper : Found @SpringBootConfiguration com.viewnext.facturabatch.FacturaBatchApplication for test class com.viewnext.facturabatch.ExtractFacturasJobIntegrationTest
2026-07-13T11:12:33.705+02:00  INFO 28332 --- [           main] o.s.b.c.l.support.SimpleJobLauncher      : Job: [SimpleJob: [name=extractFacturasJob]] launched with the following parameters: [{'fecha':'{value=2023-03-15, type=class java.lang.String, identifying=true}','timestamp':'{value=1783933953699, type=class java.lang.Long, identifying=true}'}]
2026-07-13T11:12:33.706+02:00  INFO 28332 --- [           main] c.v.f.listener.JobCompletionListener     : Iniciando job 'extractFacturasJob' con parámetros: {'fecha':'{value=2023-03-15, type=class java.lang.String, identifying=true}','timestamp':'{value=1783933953699, type=class java.lang.Long, identifying=true}'}
2026-07-13T11:12:33.710+02:00  INFO 28332 --- [           main] o.s.batch.core.job.SimpleStepHandler     : Executing step: [extractFacturasStep]
2026-07-13T11:12:33.721+02:00  INFO 28332 --- [           main] o.s.batch.core.step.AbstractStep         : Step: [extractFacturasStep] executed in 11ms
2026-07-13T11:12:33.723+02:00  INFO 28332 --- [           main] c.v.f.listener.JobCompletionListener     : Job 'extractFacturasJob' completado correctamente. Facturas procesadas en la ejecución: 1
2026-07-13T11:12:33.724+02:00  INFO 28332 --- [           main] o.s.b.c.l.support.SimpleJobLauncher      : Job: [SimpleJob: [name=extractFacturasJob]] completed with the following parameters: [{'fecha':'{value=2023-03-15, type=class java.lang.String, identifying=true}','timestamp':'{value=1783933953699, type=class java.lang.Long, identifying=true}'}] and the following status: [COMPLETED] in 18ms
]]></system-out>
  </testcase>
  <testcase name="givenFacturas_whenJobRuns_thenWriteCountMatchesExtractedFacturas" classname="com.viewnext.facturabatch.ExtractFacturasJobIntegrationTest" time="0.034">
    <system-out><![CDATA[2026-07-13T11:12:33.751+02:00  INFO 28332 --- [           main] o.s.b.c.l.support.SimpleJobLauncher      : Job: [SimpleJob: [name=extractFacturasJob]] launched with the following parameters: [{'fecha':'{value=2026-07-13, type=class java.lang.String, identifying=true}','timestamp':'{value=1783933953747, type=class java.lang.Long, identifying=true}'}]
2026-07-13T11:12:33.752+02:00  INFO 28332 --- [           main] c.v.f.listener.JobCompletionListener     : Iniciando job 'extractFacturasJob' con parámetros: {'fecha':'{value=2026-07-13, type=class java.lang.String, identifying=true}','timestamp':'{value=1783933953747, type=class java.lang.Long, identifying=true}'}
2026-07-13T11:12:33.755+02:00  INFO 28332 --- [           main] o.s.batch.core.job.SimpleStepHandler     : Executing step: [extractFacturasStep]
2026-07-13T11:12:33.765+02:00  INFO 28332 --- [           main] o.s.batch.core.step.AbstractStep         : Step: [extractFacturasStep] executed in 10ms
2026-07-13T11:12:33.767+02:00  INFO 28332 --- [           main] c.v.f.listener.JobCompletionListener     : Job 'extractFacturasJob' completado correctamente. Facturas procesadas en la ejecución: 2
2026-07-13T11:12:33.769+02:00  INFO 28332 --- [           main] o.s.b.c.l.support.SimpleJobLauncher      : Job: [SimpleJob: [name=extractFacturasJob]] completed with the following parameters: [{'fecha':'{value=2026-07-13, type=class java.lang.String, identifying=true}','timestamp':'{value=1783933953747, type=class java.lang.Long, identifying=true}'}] and the following status: [COMPLETED] in 16ms
]]></system-out>
  </testcase>
  <testcase name="givenFacturasDeHoy_whenJobRuns_thenExtractsOnlyPendingOnes" classname="com.viewnext.facturabatch.ExtractFacturasJobIntegrationTest" time="0.035">
    <system-out><![CDATA[2026-07-13T11:12:33.785+02:00  INFO 28332 --- [           main] o.s.b.c.l.support.SimpleJobLauncher      : Job: [SimpleJob: [name=extractFacturasJob]] launched with the following parameters: [{'fecha':'{value=2026-07-13, type=class java.lang.String, identifying=true}','timestamp':'{value=1783933953783, type=class java.lang.Long, identifying=true}'}]
2026-07-13T11:12:33.787+02:00  INFO 28332 --- [           main] c.v.f.listener.JobCompletionListener     : Iniciando job 'extractFacturasJob' con parámetros: {'fecha':'{value=2026-07-13, type=class java.lang.String, identifying=true}','timestamp':'{value=1783933953783, type=class java.lang.Long, identifying=true}'}
2026-07-13T11:12:33.790+02:00  INFO 28332 --- [           main] o.s.batch.core.job.SimpleStepHandler     : Executing step: [extractFacturasStep]
2026-07-13T11:12:33.800+02:00  INFO 28332 --- [           main] o.s.batch.core.step.AbstractStep         : Step: [extractFacturasStep] executed in 10ms
2026-07-13T11:12:33.802+02:00  INFO 28332 --- [           main] c.v.f.listener.JobCompletionListener     : Job 'extractFacturasJob' completado correctamente. Facturas procesadas en la ejecución: 2
2026-07-13T11:12:33.803+02:00  INFO 28332 --- [           main] o.s.b.c.l.support.SimpleJobLauncher      : Job: [SimpleJob: [name=extractFacturasJob]] completed with the following parameters: [{'fecha':'{value=2026-07-13, type=class java.lang.String, identifying=true}','timestamp':'{value=1783933953783, type=class java.lang.Long, identifying=true}'}] and the following status: [COMPLETED] in 16ms
]]></system-out>
  </testcase>
  <testcase name="givenNoFacturasPendientes_whenJobRuns_thenCreatesEmptyFile" classname="com.viewnext.facturabatch.ExtractFacturasJobIntegrationTest" time="0.036">
    <system-out><![CDATA[2026-07-13T11:12:33.820+02:00  INFO 28332 --- [           main] o.s.b.c.l.support.SimpleJobLauncher      : Job: [SimpleJob: [name=extractFacturasJob]] launched with the following parameters: [{'fecha':'{value=2026-07-13, type=class java.lang.String, identifying=true}','timestamp':'{value=1783933953818, type=class java.lang.Long, identifying=true}'}]
2026-07-13T11:12:33.822+02:00  INFO 28332 --- [           main] c.v.f.listener.JobCompletionListener     : Iniciando job 'extractFacturasJob' con parámetros: {'fecha':'{value=2026-07-13, type=class java.lang.String, identifying=true}','timestamp':'{value=1783933953818, type=class java.lang.Long, identifying=true}'}
2026-07-13T11:12:33.825+02:00  INFO 28332 --- [           main] o.s.batch.core.job.SimpleStepHandler     : Executing step: [extractFacturasStep]
2026-07-13T11:12:33.835+02:00  INFO 28332 --- [           main] o.s.batch.core.step.AbstractStep         : Step: [extractFacturasStep] executed in 8ms
2026-07-13T11:12:33.837+02:00  INFO 28332 --- [           main] c.v.f.listener.JobCompletionListener     : Job 'extractFacturasJob' completado correctamente. Facturas procesadas en la ejecución: 0
2026-07-13T11:12:33.840+02:00  INFO 28332 --- [           main] o.s.b.c.l.support.SimpleJobLauncher      : Job: [SimpleJob: [name=extractFacturasJob]] completed with the following parameters: [{'fecha':'{value=2026-07-13, type=class java.lang.String, identifying=true}','timestamp':'{value=1783933953818, type=class java.lang.Long, identifying=true}'}] and the following status: [COMPLETED] in 15ms
]]></system-out>
  </testcase>
  <testcase name="givenFactura_whenJobRuns_thenCsvContainsRequiredFields" classname="com.viewnext.facturabatch.ExtractFacturasJobIntegrationTest" time="0.04">
    <system-out><![CDATA[2026-07-13T11:12:33.861+02:00  INFO 28332 --- [           main] o.s.b.c.l.support.SimpleJobLauncher      : Job: [SimpleJob: [name=extractFacturasJob]] launched with the following parameters: [{'fecha':'{value=2026-07-13, type=class java.lang.String, identifying=true}','timestamp':'{value=1783933953858, type=class java.lang.Long, identifying=true}'}]
2026-07-13T11:12:33.863+02:00  INFO 28332 --- [           main] c.v.f.listener.JobCompletionListener     : Iniciando job 'extractFacturasJob' con parámetros: {'fecha':'{value=2026-07-13, type=class java.lang.String, identifying=true}','timestamp':'{value=1783933953858, type=class java.lang.Long, identifying=true}'}
2026-07-13T11:12:33.867+02:00  INFO 28332 --- [           main] o.s.batch.core.job.SimpleStepHandler     : Executing step: [extractFacturasStep]
2026-07-13T11:12:33.877+02:00  INFO 28332 --- [           main] o.s.batch.core.step.AbstractStep         : Step: [extractFacturasStep] executed in 10ms
2026-07-13T11:12:33.879+02:00  INFO 28332 --- [           main] c.v.f.listener.JobCompletionListener     : Job 'extractFacturasJob' completado correctamente. Facturas procesadas en la ejecución: 2
2026-07-13T11:12:33.884+02:00  INFO 28332 --- [           main] o.s.b.c.l.support.SimpleJobLauncher      : Job: [SimpleJob: [name=extractFacturasJob]] completed with the following parameters: [{'fecha':'{value=2026-07-13, type=class java.lang.String, identifying=true}','timestamp':'{value=1783933953858, type=class java.lang.Long, identifying=true}'}] and the following status: [COMPLETED] in 17ms
]]></system-out>
  </testcase>
  <testcase name="givenFacturasPendientes_whenJobRuns_thenUpdatesExtraccionPagoToOne" classname="com.viewnext.facturabatch.ExtractFacturasJobIntegrationTest" time="0.037">
    <system-out><![CDATA[2026-07-13T11:12:33.907+02:00  INFO 28332 --- [           main] o.s.b.c.l.support.SimpleJobLauncher      : Job: [SimpleJob: [name=extractFacturasJob]] launched with the following parameters: [{'fecha':'{value=2026-07-13, type=class java.lang.String, identifying=true}','timestamp':'{value=1783933953905, type=class java.lang.Long, identifying=true}'}]
2026-07-13T11:12:33.908+02:00  INFO 28332 --- [           main] c.v.f.listener.JobCompletionListener     : Iniciando job 'extractFacturasJob' con parámetros: {'fecha':'{value=2026-07-13, type=class java.lang.String, identifying=true}','timestamp':'{value=1783933953905, type=class java.lang.Long, identifying=true}'}
2026-07-13T11:12:33.911+02:00  INFO 28332 --- [           main] o.s.batch.core.job.SimpleStepHandler     : Executing step: [extractFacturasStep]
2026-07-13T11:12:33.922+02:00  INFO 28332 --- [           main] o.s.batch.core.step.AbstractStep         : Step: [extractFacturasStep] executed in 10ms
2026-07-13T11:12:33.924+02:00  INFO 28332 --- [           main] c.v.f.listener.JobCompletionListener     : Job 'extractFacturasJob' completado correctamente. Facturas procesadas en la ejecución: 2
2026-07-13T11:12:33.926+02:00  INFO 28332 --- [           main] o.s.b.c.l.support.SimpleJobLauncher      : Job: [SimpleJob: [name=extractFacturasJob]] completed with the following parameters: [{'fecha':'{value=2026-07-13, type=class java.lang.String, identifying=true}','timestamp':'{value=1783933953905, type=class java.lang.Long, identifying=true}'}] and the following status: [COMPLETED] in 15ms
]]></system-out>
  </testcase>
</testsuite>