<?xml version="1.0" encoding="UTF-8"?>
<testsuite xmlns:xsi="http://www.w3.org/2001/XMLSchema-instance" xsi:noNamespaceSchemaLocation="https://maven.apache.org/surefire/maven-surefire-plugin/xsd/surefire-test-report-3.0.xsd" version="3.0" name="com.viewnext.facturabatch.e2e.ExtractFacturasEnd2EndTest" time="7.258" tests="5" errors="0" skipped="0" failures="0">
  <properties>
[...]
</properties>
  <testcase name="e2e01_ExtraccionDeHoy_SoloFacturasPendientesDeHoy" classname="com.viewnext.facturabatch.e2e.ExtractFacturasEnd2EndTest" time="2.836">
    <system-out><![CDATA[11:57:40.072 [main] INFO org.springframework.test.context.support.AnnotationConfigContextLoaderUtils -- Could not detect default configuration classes for test class [com.viewnext.facturabatch.e2e.ExtractFacturasEnd2EndTest]: ExtractFacturasEnd2EndTest does not declare any static, non-private, non-final, nested classes annotated with @Configuration.
11:57:40.244 [main] INFO org.springframework.boot.test.context.SpringBootTestContextBootstrapper -- Found @SpringBootConfiguration com.viewnext.facturabatch.FacturaBatchApplication for test class com.viewnext.facturabatch.e2e.ExtractFacturasEnd2EndTest

  .   ____          _            __ _ _
 /\\ / ___'_ __ _ _(_)_ __  __ _ \ \ \ \
( ( )\___ | '_ | '_| | '_ \/ _` | \ \ \ \
 \\/  ___)| |_)| | | | | || (_| |  ) ) ) )
  '  |____| .__|_| |_|_| |_\__, | / / / /
 =========|_|==============|___/=/_/_/_/
 :: Spring Boot ::                (v3.2.0)

2026-07-13T11:57:41.016+02:00  INFO 16812 --- [           main] c.v.f.e2e.ExtractFacturasEnd2EndTest     : Starting ExtractFacturasEnd2EndTest using Java 17.0.12 with PID 16812 (started by David Galvez in C:\Users\Usuario\Desktop\fechas\untitled)
2026-07-13T11:57:41.017+02:00  INFO 16812 --- [           main] c.v.f.e2e.ExtractFacturasEnd2EndTest     : The following 1 profile is active: "test"
2026-07-13T11:57:42.036+02:00  WARN 16812 --- [           main] trationDelegate$BeanPostProcessorChecker : Bean 'org.springframework.boot.autoconfigure.jdbc.DataSourceConfiguration$Hikari' of type [org.springframework.boot.autoconfigure.jdbc.DataSourceConfiguration$Hikari] is not eligible for getting processed by all BeanPostProcessors (for example: not eligible for auto-proxying). Is this bean getting eagerly injected into a currently created BeanPostProcessor [jobRegistryBeanPostProcessor]? Check the corresponding BeanPostProcessor declaration and its dependencies.
2026-07-13T11:57:42.107+02:00  WARN 16812 --- [           main] trationDelegate$BeanPostProcessorChecker : Bean 'spring.datasource-org.springframework.boot.autoconfigure.jdbc.DataSourceProperties' of type [org.springframework.boot.autoconfigure.jdbc.DataSourceProperties] is not eligible for getting processed by all BeanPostProcessors (for example: not eligible for auto-proxying). Is this bean getting eagerly injected into a currently created BeanPostProcessor [jobRegistryBeanPostProcessor]? Check the corresponding BeanPostProcessor declaration and its dependencies.
2026-07-13T11:57:42.110+02:00  WARN 16812 --- [           main] trationDelegate$BeanPostProcessorChecker : Bean 'org.springframework.boot.autoconfigure.jdbc.DataSourceAutoConfiguration$PooledDataSourceConfiguration' of type [org.springframework.boot.autoconfigure.jdbc.DataSourceAutoConfiguration$PooledDataSourceConfiguration] is not eligible for getting processed by all BeanPostProcessors (for example: not eligible for auto-proxying). Is this bean getting eagerly injected into a currently created BeanPostProcessor [jobRegistryBeanPostProcessor]? Check the corresponding BeanPostProcessor declaration and its dependencies.
2026-07-13T11:57:42.111+02:00  WARN 16812 --- [           main] trationDelegate$BeanPostProcessorChecker : Bean 'jdbcConnectionDetails' of type [org.springframework.boot.autoconfigure.jdbc.PropertiesJdbcConnectionDetails] is not eligible for getting processed by all BeanPostProcessors (for example: not eligible for auto-proxying). Is this bean getting eagerly injected into a currently created BeanPostProcessor [jobRegistryBeanPostProcessor]? Check the corresponding BeanPostProcessor declaration and its dependencies.
2026-07-13T11:57:42.145+02:00  WARN 16812 --- [           main] trationDelegate$BeanPostProcessorChecker : Bean 'dataSource' of type [com.zaxxer.hikari.HikariDataSource] is not eligible for getting processed by all BeanPostProcessors (for example: not eligible for auto-proxying). Is this bean getting eagerly injected into a currently created BeanPostProcessor [jobRegistryBeanPostProcessor]? Check the corresponding BeanPostProcessor declaration and its dependencies.
2026-07-13T11:57:42.152+02:00  WARN 16812 --- [           main] trationDelegate$BeanPostProcessorChecker : Bean 'org.springframework.boot.autoconfigure.jdbc.DataSourceTransactionManagerAutoConfiguration$JdbcTransactionManagerConfiguration' of type [org.springframework.boot.autoconfigure.jdbc.DataSourceTransactionManagerAutoConfiguration$JdbcTransactionManagerConfiguration] is not eligible for getting processed by all BeanPostProcessors (for example: not eligible for auto-proxying). Is this bean getting eagerly injected into a currently created BeanPostProcessor [jobRegistryBeanPostProcessor]? Check the corresponding BeanPostProcessor declaration and its dependencies.
2026-07-13T11:57:42.165+02:00  WARN 16812 --- [           main] trationDelegate$BeanPostProcessorChecker : Bean 'org.springframework.boot.autoconfigure.transaction.TransactionManagerCustomizationAutoConfiguration' of type [org.springframework.boot.autoconfigure.transaction.TransactionManagerCustomizationAutoConfiguration] is not eligible for getting processed by all BeanPostProcessors (for example: not eligible for auto-proxying). Is this bean getting eagerly injected into a currently created BeanPostProcessor [jobRegistryBeanPostProcessor]? Check the corresponding BeanPostProcessor declaration and its dependencies.
2026-07-13T11:57:42.173+02:00  WARN 16812 --- [           main] trationDelegate$BeanPostProcessorChecker : Bean 'transactionExecutionListeners' of type [org.springframework.boot.autoconfigure.transaction.ExecutionListenersTransactionManagerCustomizer] is not eligible for getting processed by all BeanPostProcessors (for example: not eligible for auto-proxying). Is this bean getting eagerly injected into a currently created BeanPostProcessor [jobRegistryBeanPostProcessor]? Check the corresponding BeanPostProcessor declaration and its dependencies.
2026-07-13T11:57:42.183+02:00  WARN 16812 --- [           main] trationDelegate$BeanPostProcessorChecker : Bean 'spring.transaction-org.springframework.boot.autoconfigure.transaction.TransactionProperties' of type [org.springframework.boot.autoconfigure.transaction.TransactionProperties] is not eligible for getting processed by all BeanPostProcessors (for example: not eligible for auto-proxying). Is this bean getting eagerly injected into a currently created BeanPostProcessor [jobRegistryBeanPostProcessor]? Check the corresponding BeanPostProcessor declaration and its dependencies.
2026-07-13T11:57:42.184+02:00  WARN 16812 --- [           main] trationDelegate$BeanPostProcessorChecker : Bean 'platformTransactionManagerCustomizers' of type [org.springframework.boot.autoconfigure.transaction.TransactionManagerCustomizers] is not eligible for getting processed by all BeanPostProcessors (for example: not eligible for auto-proxying). Is this bean getting eagerly injected into a currently created BeanPostProcessor [jobRegistryBeanPostProcessor]? Check the corresponding BeanPostProcessor declaration and its dependencies.
2026-07-13T11:57:42.201+02:00  WARN 16812 --- [           main] trationDelegate$BeanPostProcessorChecker : Bean 'transactionManager' of type [org.springframework.jdbc.support.JdbcTransactionManager] is not eligible for getting processed by all BeanPostProcessors (for example: not eligible for auto-proxying). Is this bean getting eagerly injected into a currently created BeanPostProcessor [jobRegistryBeanPostProcessor]? Check the corresponding BeanPostProcessor declaration and its dependencies.
2026-07-13T11:57:42.217+02:00  WARN 16812 --- [           main] trationDelegate$BeanPostProcessorChecker : Bean 'spring.batch-org.springframework.boot.autoconfigure.batch.BatchProperties' of type [org.springframework.boot.autoconfigure.batch.BatchProperties] is not eligible for getting processed by all BeanPostProcessors (for example: not eligible for auto-proxying). Is this bean getting eagerly injected into a currently created BeanPostProcessor [jobRegistryBeanPostProcessor]? Check the corresponding BeanPostProcessor declaration and its dependencies.
2026-07-13T11:57:42.230+02:00  WARN 16812 --- [           main] trationDelegate$BeanPostProcessorChecker : Bean 'org.springframework.boot.autoconfigure.batch.BatchAutoConfiguration$SpringBootBatchConfiguration' of type [org.springframework.boot.autoconfigure.batch.BatchAutoConfiguration$SpringBootBatchConfiguration] is not eligible for getting processed by all BeanPostProcessors (for example: not eligible for auto-proxying). The currently created BeanPostProcessor [jobRegistryBeanPostProcessor] is declared through a non-static factory method on that class; consider declaring it as static instead.
2026-07-13T11:57:42.387+02:00  INFO 16812 --- [           main] com.zaxxer.hikari.HikariDataSource       : HikariPool-1 - Starting...
2026-07-13T11:57:43.005+02:00  INFO 16812 --- [           main] com.zaxxer.hikari.pool.HikariPool        : HikariPool-1 - Added connection conn0: url=jdbc:h2:mem:testdb user=SA
2026-07-13T11:57:43.008+02:00  INFO 16812 --- [           main] com.zaxxer.hikari.HikariDataSource       : HikariPool-1 - Start completed.
2026-07-13T11:57:43.566+02:00  INFO 16812 --- [           main] c.v.f.e2e.ExtractFacturasEnd2EndTest     : Started ExtractFacturasEnd2EndTest in 3.123 seconds (process running for 4.994)
2026-07-13T11:57:45.405+02:00  INFO 16812 --- [           main] o.s.b.c.l.support.SimpleJobLauncher      : Job: [SimpleJob: [name=extractFacturasJob]] launched with the following parameters: [{'fecha':'{value=2026-07-13, type=class java.lang.String, identifying=true}','timestamp':'{value=1783936665331, type=class java.lang.Long, identifying=true}'}]
2026-07-13T11:57:45.465+02:00  INFO 16812 --- [           main] c.v.f.listener.JobCompletionListener     : Iniciando job 'extractFacturasJob' con parámetros: {'fecha':'{value=2026-07-13, type=class java.lang.String, identifying=true}','timestamp':'{value=1783936665331, type=class java.lang.Long, identifying=true}'}
2026-07-13T11:57:45.498+02:00  INFO 16812 --- [           main] o.s.batch.core.job.SimpleStepHandler     : Executing step: [extractFacturasStep]
2026-07-13T11:57:45.786+02:00  INFO 16812 --- [           main] o.s.batch.core.step.AbstractStep         : Step: [extractFacturasStep] executed in 287ms
2026-07-13T11:57:45.832+02:00  INFO 16812 --- [           main] c.v.f.listener.JobCompletionListener     : Job 'extractFacturasJob' completado correctamente. Facturas procesadas en la ejecución: 2
2026-07-13T11:57:45.880+02:00  INFO 16812 --- [           main] o.s.b.c.l.support.SimpleJobLauncher      : Job: [SimpleJob: [name=extractFacturasJob]] completed with the following parameters: [{'fecha':'{value=2026-07-13, type=class java.lang.String, identifying=true}','timestamp':'{value=1783936665331, type=class java.lang.Long, identifying=true}'}] and the following status: [COMPLETED] in 364ms
]]></system-out>
  </testcase>
  <testcase name="e2e03_DatosMixtos_SoloFacturasFiltradas" classname="com.viewnext.facturabatch.e2e.ExtractFacturasEnd2EndTest" time="0.215">
    <system-out><![CDATA[2026-07-13T11:57:46.570+02:00  INFO 16812 --- [           main] o.s.b.c.l.support.SimpleJobLauncher      : Job: [SimpleJob: [name=extractFacturasJob]] launched with the following parameters: [{'fecha':'{value=2026-07-13, type=class java.lang.String, identifying=true}','timestamp':'{value=1783936666558, type=class java.lang.Long, identifying=true}'}]
2026-07-13T11:57:46.572+02:00  INFO 16812 --- [           main] c.v.f.listener.JobCompletionListener     : Iniciando job 'extractFacturasJob' con parámetros: {'fecha':'{value=2026-07-13, type=class java.lang.String, identifying=true}','timestamp':'{value=1783936666558, type=class java.lang.Long, identifying=true}'}
2026-07-13T11:57:46.585+02:00  INFO 16812 --- [           main] o.s.batch.core.job.SimpleStepHandler     : Executing step: [extractFacturasStep]
2026-07-13T11:57:46.614+02:00  INFO 16812 --- [           main] o.s.batch.core.step.AbstractStep         : Step: [extractFacturasStep] executed in 27ms
2026-07-13T11:57:46.617+02:00  INFO 16812 --- [           main] c.v.f.listener.JobCompletionListener     : Job 'extractFacturasJob' completado correctamente. Facturas procesadas en la ejecución: 3
2026-07-13T11:57:46.620+02:00  INFO 16812 --- [           main] o.s.b.c.l.support.SimpleJobLauncher      : Job: [SimpleJob: [name=extractFacturasJob]] completed with the following parameters: [{'fecha':'{value=2026-07-13, type=class java.lang.String, identifying=true}','timestamp':'{value=1783936666558, type=class java.lang.Long, identifying=true}'}] and the following status: [COMPLETED] in 47ms
]]></system-out>
  </testcase>
  <testcase name="e2e02_ExtraccionHistorica_SoloFacturasDeFechaParametro" classname="com.viewnext.facturabatch.e2e.ExtractFacturasEnd2EndTest" time="0.076">
    <system-out><![CDATA[2026-07-13T11:57:46.669+02:00  INFO 16812 --- [           main] o.s.b.c.l.support.SimpleJobLauncher      : Job: [SimpleJob: [name=extractFacturasJob]] launched with the following parameters: [{'fecha':'{value=2023-03-15, type=class java.lang.String, identifying=true}','timestamp':'{value=1783936666665, type=class java.lang.Long, identifying=true}'}]
2026-07-13T11:57:46.671+02:00  INFO 16812 --- [           main] c.v.f.listener.JobCompletionListener     : Iniciando job 'extractFacturasJob' con parámetros: {'fecha':'{value=2023-03-15, type=class java.lang.String, identifying=true}','timestamp':'{value=1783936666665, type=class java.lang.Long, identifying=true}'}
2026-07-13T11:57:46.679+02:00  INFO 16812 --- [           main] o.s.batch.core.job.SimpleStepHandler     : Executing step: [extractFacturasStep]
2026-07-13T11:57:46.699+02:00  INFO 16812 --- [           main] o.s.batch.core.step.AbstractStep         : Step: [extractFacturasStep] executed in 19ms
2026-07-13T11:57:46.701+02:00  INFO 16812 --- [           main] c.v.f.listener.JobCompletionListener     : Job 'extractFacturasJob' completado correctamente. Facturas procesadas en la ejecución: 3
2026-07-13T11:57:46.704+02:00  INFO 16812 --- [           main] o.s.b.c.l.support.SimpleJobLauncher      : Job: [SimpleJob: [name=extractFacturasJob]] completed with the following parameters: [{'fecha':'{value=2023-03-15, type=class java.lang.String, identifying=true}','timestamp':'{value=1783936666665, type=class java.lang.Long, identifying=true}'}] and the following status: [COMPLETED] in 31ms
]]></system-out>
  </testcase>
  <testcase name="e2e05_Idempotencia_RejecutarJobNoExtraeDuplicados" classname="com.viewnext.facturabatch.e2e.ExtractFacturasEnd2EndTest" time="0.128">
    <system-out><![CDATA[2026-07-13T11:57:46.750+02:00  INFO 16812 --- [           main] o.s.b.c.l.support.SimpleJobLauncher      : Job: [SimpleJob: [name=extractFacturasJob]] launched with the following parameters: [{'fecha':'{value=2026-07-13, type=class java.lang.String, identifying=true}','timestamp':'{value=1783936666744, type=class java.lang.Long, identifying=true}'}]
2026-07-13T11:57:46.754+02:00  INFO 16812 --- [           main] c.v.f.listener.JobCompletionListener     : Iniciando job 'extractFacturasJob' con parámetros: {'fecha':'{value=2026-07-13, type=class java.lang.String, identifying=true}','timestamp':'{value=1783936666744, type=class java.lang.Long, identifying=true}'}
2026-07-13T11:57:46.757+02:00  INFO 16812 --- [           main] o.s.batch.core.job.SimpleStepHandler     : Executing step: [extractFacturasStep]
2026-07-13T11:57:46.770+02:00  INFO 16812 --- [           main] o.s.batch.core.step.AbstractStep         : Step: [extractFacturasStep] executed in 12ms
2026-07-13T11:57:46.777+02:00  INFO 16812 --- [           main] c.v.f.listener.JobCompletionListener     : Job 'extractFacturasJob' completado correctamente. Facturas procesadas en la ejecución: 2
2026-07-13T11:57:46.791+02:00  INFO 16812 --- [           main] o.s.b.c.l.support.SimpleJobLauncher      : Job: [SimpleJob: [name=extractFacturasJob]] completed with the following parameters: [{'fecha':'{value=2026-07-13, type=class java.lang.String, identifying=true}','timestamp':'{value=1783936666744, type=class java.lang.Long, identifying=true}'}] and the following status: [COMPLETED] in 25ms
2026-07-13T11:57:46.797+02:00  INFO 16812 --- [           main] o.s.b.c.l.support.SimpleJobLauncher      : Job: [SimpleJob: [name=extractFacturasJob]] launched with the following parameters: [{'fecha':'{value=2026-07-13, type=class java.lang.String, identifying=true}','timestamp':'{value=1783936666791, type=class java.lang.Long, identifying=true}'}]
2026-07-13T11:57:46.803+02:00  INFO 16812 --- [           main] c.v.f.listener.JobCompletionListener     : Iniciando job 'extractFacturasJob' con parámetros: {'fecha':'{value=2026-07-13, type=class java.lang.String, identifying=true}','timestamp':'{value=1783936666791, type=class java.lang.Long, identifying=true}'}
2026-07-13T11:57:46.809+02:00  INFO 16812 --- [           main] o.s.batch.core.job.SimpleStepHandler     : Executing step: [extractFacturasStep]
2026-07-13T11:57:46.829+02:00  INFO 16812 --- [           main] o.s.batch.core.step.AbstractStep         : Step: [extractFacturasStep] executed in 20ms
2026-07-13T11:57:46.833+02:00  INFO 16812 --- [           main] c.v.f.listener.JobCompletionListener     : Job 'extractFacturasJob' completado correctamente. Facturas procesadas en la ejecución: 0
2026-07-13T11:57:46.834+02:00  INFO 16812 --- [           main] o.s.b.c.l.support.SimpleJobLauncher      : Job: [SimpleJob: [name=extractFacturasJob]] completed with the following parameters: [{'fecha':'{value=2026-07-13, type=class java.lang.String, identifying=true}','timestamp':'{value=1783936666791, type=class java.lang.Long, identifying=true}'}] and the following status: [COMPLETED] in 35ms
]]></system-out>
  </testcase>
  <testcase name="e2e04_SinFacturasPendientes_FicheroVacioConCabecera" classname="com.viewnext.facturabatch.e2e.ExtractFacturasEnd2EndTest" time="0.1">
    <system-out><![CDATA[2026-07-13T11:57:46.907+02:00  INFO 16812 --- [           main] o.s.b.c.l.support.SimpleJobLauncher      : Job: [SimpleJob: [name=extractFacturasJob]] launched with the following parameters: [{'fecha':'{value=2026-07-13, type=class java.lang.String, identifying=true}','timestamp':'{value=1783936666895, type=class java.lang.Long, identifying=true}'}]
2026-07-13T11:57:46.915+02:00  INFO 16812 --- [           main] c.v.f.listener.JobCompletionListener     : Iniciando job 'extractFacturasJob' con parámetros: {'fecha':'{value=2026-07-13, type=class java.lang.String, identifying=true}','timestamp':'{value=1783936666895, type=class java.lang.Long, identifying=true}'}
2026-07-13T11:57:46.921+02:00  INFO 16812 --- [           main] o.s.batch.core.job.SimpleStepHandler     : Executing step: [extractFacturasStep]
2026-07-13T11:57:46.939+02:00  INFO 16812 --- [           main] o.s.batch.core.step.AbstractStep         : Step: [extractFacturasStep] executed in 17ms
2026-07-13T11:57:46.947+02:00  INFO 16812 --- [           main] c.v.f.listener.JobCompletionListener     : Job 'extractFacturasJob' completado correctamente. Facturas procesadas en la ejecución: 0
2026-07-13T11:57:46.949+02:00  INFO 16812 --- [           main] o.s.b.c.l.support.SimpleJobLauncher      : Job: [SimpleJob: [name=extractFacturasJob]] completed with the following parameters: [{'fecha':'{value=2026-07-13, type=class java.lang.String, identifying=true}','timestamp':'{value=1783936666895, type=class java.lang.Long, identifying=true}'}] and the following status: [COMPLETED] in 39ms
]]></system-out>
  </testcase>
</testsuite>