<?xml version="1.0" encoding="UTF-8"?>
<testsuite xmlns:xsi="http://www.w3.org/2001/XMLSchema-instance" xsi:noNamespaceSchemaLocation="https://maven.apache.org/surefire/maven-surefire-plugin/xsd/surefire-test-report-3.0.xsd" version="3.0" name="com.viewnext.facturabatch.mapper.FacturaRowMapperTest" time="1.054" tests="3" errors="0" skipped="0" failures="0">
  <properties>
[...]
</properties>
  <testcase name="givenExtractedFactura_whenMapRow_thenExtraccionPagoIsOne" classname="com.viewnext.facturabatch.mapper.FacturaRowMapperTest" time="1.006"/>
  <testcase name="givenFullResultSet_whenMapRow_thenAllFieldsMapped" classname="com.viewnext.facturabatch.mapper.FacturaRowMapperTest" time="0.019"/>
  <testcase name="givenDecimalImporte_whenMapRow_thenImportePreserved" classname="com.viewnext.facturabatch.mapper.FacturaRowMapperTest" time="0.011"/>
</testsuite>